<?xml version="1.0" encoding="UTF-8"?>
<testng-results skipped="0" failed="0" ignored="0" total="1" passed="1">
  <reporter-output>
  </reporter-output>
  <suite name="Default suite" duration-ms="22087" started-at="2021-02-21T12:19:39Z" finished-at="2021-02-21T12:20:01Z">
    <groups>
    </groups>
    <test name="Default test" duration-ms="22087" started-at="2021-02-21T12:19:39Z" finished-at="2021-02-21T12:20:01Z">
      <class name="com.netCore.TestScripts.IphoneSearchTest">
        <test-method status="PASS" signature="configBeforeClass()[pri:0, instance:com.netCore.TestScripts.IphoneSearchTest@5442a311]" name="configBeforeClass" is-config="true" duration-ms="15764" started-at="2021-02-21T12:19:39Z" finished-at="2021-02-21T12:19:55Z">
          <reporter-output>
          </reporter-output>
        </test-method> <!-- configBeforeClass -->
        <test-method status="PASS" signature="iphonesearchtestcase()[pri:0, instance:com.netCore.TestScripts.IphoneSearchTest@5442a311]" name="iphonesearchtestcase" duration-ms="5390" started-at="2021-02-21T12:19:55Z" finished-at="2021-02-21T12:20:00Z">
          <reporter-output>
          </reporter-output>
        </test-method> <!-- iphonesearchtestcase -->
        <test-method status="PASS" signature="configAfterClass()[pri:0, instance:com.netCore.TestScripts.IphoneSearchTest@5442a311]" name="configAfterClass" is-config="true" duration-ms="877" started-at="2021-02-21T12:20:00Z" finished-at="2021-02-21T12:20:01Z">
          <reporter-output>
          </reporter-output>
        </test-method> <!-- configAfterClass -->
      </class> <!-- com.netCore.TestScripts.IphoneSearchTest -->
    </test> <!-- Default test -->
  </suite> <!-- Default suite -->
</testng-results>
